<?xml version="1.0" encoding="utf-8"?><testsuites name="pytest tests"><testsuite name="pytest" errors="0" failures="0" skipped="0" tests="45" time="7.159" timestamp="2026-04-28T17:31:52.910258+00:00" hostname="agent-env-12a52654-b9ba-4c39-a5d2-651cfadbda35"><testcase classname="backend.tests.test_device_ingest.TestIngest" name="test_ingest_basic_and_telemetry_get" time="0.334" /><testcase classname="backend.tests.test_device_ingest.TestIngest" name="test_ingest_default_timestamp" time="0.113" /><testcase classname="backend.tests.test_device_ingest.TestIngest" name="test_ingest_updates_last_seen_and_status" time="0.131" /><testcase classname="backend.tests.test_device_ingest.TestIngest" name="test_ingest_mirrors_to_session_telemetry" time="0.171" /><testcase classname="backend.tests.test_device_ingest.TestCommands" name="test_enqueue_and_consume" time="0.433" /><testcase classname="backend.tests.test_device_ingest.TestStatus" name="test_status_unknown_device" time="0.058" /><testcase classname="backend.tests.test_firebase_bridge.TestFirebaseToken" name="test_token_without_auth_returns_401" time="0.137" /><testcase classname="backend.tests.test_firebase_bridge.TestFirebaseToken" name="test_token_with_jwt_returns_503_when_sa_missing" time="0.284" /><testcase classname="backend.tests.test_firebase_bridge.TestFirebaseToken" name="test_token_with_cookie_session_returns_503_when_sa_missing" time="0.292" /><testcase classname="backend.tests.test_firebase_bridge.TestBridgeGracefulNoop" name="test_ingest_succeeds_and_persists_when_bridge_noop" time="0.138" /><testcase classname="backend.tests.test_firebase_bridge.TestBridgeGracefulNoop" name="test_command_enqueue_succeeds_and_persists_when_bridge_noop" time="0.150" /><testcase classname="backend.tests.test_firebase_bridge.TestBridgeGracefulNoop" name="test_no_5xx_when_bridge_is_noop" time="0.385" /><testcase classname="backend.tests.test_p1_hardening.TestSessionPatchWhitelist" name="test_extra_field_rejected_422" time="0.167" /><testcase classname="backend.tests.test_p1_hardening.TestSessionPatchWhitelist" name="test_whitelisted_fields_apply" time="0.158" /><testcase classname="backend.tests.test_p1_hardening.TestSessionPatchWhitelist" name="test_empty_patch_returns_400" time="0.117" /><testcase classname="backend.tests.test_p1_hardening.TestTelemetryPagination" name="test_since_until_limit_skip" time="0.340" /><testcase classname="backend.tests.test_p1_hardening.TestIndexes" name="test_telemetry_index" time="0.004" /><testcase classname="backend.tests.test_p1_hardening.TestIndexes" name="test_alerts_index" time="0.000" /><testcase classname="backend.tests.test_p1_hardening.TestIndexes" name="test_sessions_index" time="0.000" /><testcase classname="backend.tests.test_p1_hardening.TestIndexes" name="test_device_telemetry_index" time="0.000" /><testcase classname="backend.tests.test_p1_hardening.TestIndexes" name="test_device_commands_index" time="0.000" /><testcase classname="backend.tests.test_p1_hardening.TestIndexes" name="test_devices_id_unique" time="0.001" /><testcase classname="backend.tests.test_p3_auth_provisioning.TestAuthRegister" name="test_register_success" time="0.194" /><testcase classname="backend.tests.test_p3_auth_provisioning.TestAuthRegister" name="test_register_duplicate_email_returns_409" time="0.052" /><testcase classname="backend.tests.test_p3_auth_provisioning.TestAuthRegister" name="test_register_short_password_returns_400" time="0.055" /><testcase classname="backend.tests.test_p3_auth_provisioning.TestAuthLogin" name="test_login_qa_seeded_user" time="0.108" /><testcase classname="backend.tests.test_p3_auth_provisioning.TestAuthLogin" name="test_login_wrong_password_returns_401" time="0.107" /><testcase classname="backend.tests.test_p3_auth_provisioning.TestAuthMe" name="test_me_unauth_returns_401" time="0.120" /><testcase classname="backend.tests.test_p3_auth_provisioning.TestAuthMe" name="test_me_with_bearer_returns_user" time="0.221" /><testcase classname="backend.tests.test_p3_auth_provisioning.TestAuthMe" name="test_me_with_invalid_bearer_returns_401" time="0.124" /><testcase classname="backend.tests.test_p3_auth_provisioning.TestCookieSession" name="test_valid_cookie_session_returns_user" time="0.135" /><testcase classname="backend.tests.test_p3_auth_provisioning.TestCookieSession" name="test_expired_cookie_session_returns_401" time="0.165" /><testcase classname="backend.tests.test_p3_auth_provisioning.TestCookieSession" name="test_logout_deletes_session_row" time="0.114" /><testcase classname="backend.tests.test_p3_auth_provisioning.TestEmergentSessionErrorPath" name="test_invalid_session_id_returns_401" time="0.173" /><testcase classname="backend.tests.test_p3_auth_provisioning.TestEmergentSessionErrorPath" name="test_missing_session_id_returns_400" time="0.052" /><testcase classname="backend.tests.test_p3_auth_provisioning.TestProvisioning" name="test_mint_token_shape" time="0.048" /><testcase classname="backend.tests.test_p3_auth_provisioning.TestProvisioning" name="test_verify_happy_path" time="0.101" /><testcase classname="backend.tests.test_p3_auth_provisioning.TestProvisioning" name="test_verify_tampered_signature_401" time="0.095" /><testcase classname="backend.tests.test_p3_auth_provisioning.TestProvisioning" name="test_verify_expired_401" time="0.114" /><testcase classname="backend.tests.test_p3_auth_provisioning.TestCommandPoll" name="test_poll_consumes_and_commands_does_not" time="0.386" /><testcase classname="backend.tests.test_p3_auth_provisioning.TestCommandPoll" name="test_legacy_consume_true_still_consumes" time="0.153" /><testcase classname="backend.tests.test_vaxchain_api.TestVaccines" name="test_list_vaccines" time="0.152" /><testcase classname="backend.tests.test_vaxchain_api.TestSessions" name="test_create_session_invalid_vaccine" time="0.052" /><testcase classname="backend.tests.test_vaxchain_api.TestSessions" name="test_session_full_lifecycle" time="0.314" /><testcase classname="backend.tests.test_vaxchain_api.TestSessions" name="test_telemetry_and_alerts" time="0.473" /></testsuite></testsuites>