<?xml version="1.0" encoding="utf-8"?><testsuites name="pytest tests"><testsuite name="pytest" errors="0" failures="0" skipped="0" tests="20" time="3.720" timestamp="2026-04-28T16:33:16.403330+00:00" hostname="agent-env-12a52654-b9ba-4c39-a5d2-651cfadbda35"><testcase classname="backend.tests.test_device_ingest.TestIngest" name="test_ingest_basic_and_telemetry_get" time="0.504" /><testcase classname="backend.tests.test_device_ingest.TestIngest" name="test_ingest_default_timestamp" time="0.127" /><testcase classname="backend.tests.test_device_ingest.TestIngest" name="test_ingest_updates_last_seen_and_status" time="0.124" /><testcase classname="backend.tests.test_device_ingest.TestIngest" name="test_ingest_mirrors_to_session_telemetry" time="0.172" /><testcase classname="backend.tests.test_device_ingest.TestCommands" name="test_enqueue_and_consume" time="0.381" /><testcase classname="backend.tests.test_device_ingest.TestStatus" name="test_status_unknown_device" time="0.052" /><testcase classname="backend.tests.test_p1_hardening.TestSessionPatchWhitelist" name="test_extra_field_rejected_422" time="0.210" /><testcase classname="backend.tests.test_p1_hardening.TestSessionPatchWhitelist" name="test_whitelisted_fields_apply" time="0.163" /><testcase classname="backend.tests.test_p1_hardening.TestSessionPatchWhitelist" name="test_empty_patch_returns_400" time="0.136" /><testcase classname="backend.tests.test_p1_hardening.TestTelemetryPagination" name="test_since_until_limit_skip" time="0.321" /><testcase classname="backend.tests.test_p1_hardening.TestIndexes" name="test_telemetry_index" time="0.069" /><testcase classname="backend.tests.test_p1_hardening.TestIndexes" name="test_alerts_index" time="0.001" /><testcase classname="backend.tests.test_p1_hardening.TestIndexes" name="test_sessions_index" time="0.001" /><testcase classname="backend.tests.test_p1_hardening.TestIndexes" name="test_device_telemetry_index" time="0.001" /><testcase classname="backend.tests.test_p1_hardening.TestIndexes" name="test_device_commands_index" time="0.000" /><testcase classname="backend.tests.test_p1_hardening.TestIndexes" name="test_devices_id_unique" time="0.001" /><testcase classname="backend.tests.test_vaxchain_api.TestVaccines" name="test_list_vaccines" time="0.259" /><testcase classname="backend.tests.test_vaxchain_api.TestSessions" name="test_create_session_invalid_vaccine" time="0.060" /><testcase classname="backend.tests.test_vaxchain_api.TestSessions" name="test_session_full_lifecycle" time="0.323" /><testcase classname="backend.tests.test_vaxchain_api.TestSessions" name="test_telemetry_and_alerts" time="0.448" /></testsuite></testsuites>